# JRE version: OpenJDK Runtime Environment (8.0_242-b01) (build 1.8.0_242-release-1644-b01)
# Java VM: OpenJDK 64-Bit Server VM (25.242-b01 mixed mode windows-amd64 compressed oops)
Heap:
 PSYoungGen      total 305152K, used 114119K [0x00000000d5580000, 0x00000000ec500000, 0x0000000100000000)
  eden space 296960K, 35% used [0x00000000d5580000,0x00000000dbcfde98,0x00000000e7780000)
  from space 8192K, 99% used [0x00000000ebd00000,0x00000000ec4f4060,0x00000000ec500000)
  to   space 24576K, 0% used [0x00000000e9500000,0x00000000e9500000,0x00000000ead00000)
 ParOldGen       total 182272K, used 53993K [0x0000000080000000, 0x000000008b200000, 0x00000000d5580000)
  object space 182272K, 29% used [0x0000000080000000,0x00000000834ba7f8,0x000000008b200000)
 Metaspace       used 99191K, capacity 104860K, committed 104984K, reserved 1140736K
  class space    used 12995K, capacity 14021K, committed 14120K, reserved 1048576K
GC Heap History (10 events):
Event: 27.574 GC heap before
{Heap before GC invocations=20 (full 4):
 PSYoungGen      total 299008K, used 3865K [0x00000000d5580000, 0x00000000ea400000, 0x0000000100000000)
  eden space 269824K, 0% used [0x00000000d5580000,0x00000000d5580000,0x00000000e5d00000)
  from space 29184K, 13% used [0x00000000e7980000,0x00000000e7d46718,0x00000000e9600000)
  to   space 29184K, 0% used [0x00000000e5d00000,0x00000000e5d00000,0x00000000e7980000)
 ParOldGen       total 126464K, used 61418K [0x0000000080000000, 0x0000000087b80000, 0x00000000d5580000)
  object space 126464K, 48% used [0x0000000080000000,0x0000000083bfaac8,0x0000000087b80000)
 Metaspace       used 93723K, capacity 98520K, committed 98600K, reserved 1134592K
  class space    used 12795K, capacity 13725K, committed 13736K, reserved 1048576K
Event: 27.755 GC heap after
Heap after GC invocations=20 (full 4):
 PSYoungGen      total 299008K, used 0K [0x00000000d5580000, 0x00000000ea400000, 0x0000000100000000)
  eden space 269824K, 0% used [0x00000000d5580000,0x00000000d5580000,0x00000000e5d00000)
  from space 29184K, 0% used [0x00000000e7980000,0x00000000e7980000,0x00000000e9600000)
  to   space 29184K, 0% used [0x00000000e5d00000,0x00000000e5d00000,0x00000000e7980000)
 ParOldGen       total 182272K, used 53961K [0x0000000080000000, 0x000000008b200000, 0x00000000d5580000)
  object space 182272K, 29% used [0x0000000080000000,0x00000000834b27f8,0x000000008b200000)
 Metaspace       used 93336K, capacity 97452K, committed 98600K, reserved 1134592K
  class space    used 12664K, capacity 13497K, committed 13736K, reserved 1048576K
}
Event: 100.256 GC heap before
{Heap before GC invocations=21 (full 4):
 PSYoungGen      total 299008K, used 269824K [0x00000000d5580000, 0x00000000ea400000, 0x0000000100000000)
  eden space 269824K, 100% used [0x00000000d5580000,0x00000000e5d00000,0x00000000e5d00000)
  from space 29184K, 0% used [0x00000000e7980000,0x00000000e7980000,0x00000000e9600000)
  to   space 29184K, 0% used [0x00000000e5d00000,0x00000000e5d00000,0x00000000e7980000)
 ParOldGen       total 182272K, used 53961K [0x0000000080000000, 0x000000008b200000, 0x00000000d5580000)
  object space 182272K, 29% used [0x0000000080000000,0x00000000834b27f8,0x000000008b200000)
 Metaspace       used 95672K, capacity 100108K, committed 100888K, reserved 1136640K
  class space    used 12780K, capacity 13639K, committed 13864K, reserved 1048576K
Event: 100.267 GC heap after
Heap after GC invocations=21 (full 4):
 PSYoungGen      total 299008K, used 13482K [0x00000000d5580000, 0x00000000ec000000, 0x0000000100000000)
  eden space 269824K, 0% used [0x00000000d5580000,0x00000000d5580000,0x00000000e5d00000)
  from space 29184K, 46% used [0x00000000e5d00000,0x00000000e6a2aaf8,0x00000000e7980000)
  to   space 28160K, 0% used [0x00000000ea480000,0x00000000ea480000,0x00000000ec000000)
 ParOldGen       total 182272K, used 53969K [0x0000000080000000, 0x000000008b200000, 0x00000000d5580000)
  object space 182272K, 29% used [0x0000000080000000,0x00000000834b47f8,0x000000008b200000)
 Metaspace       used 95672K, capacity 100108K, committed 100888K, reserved 1136640K
  class space    used 12780K, capacity 13639K, committed 13864K, reserved 1048576K
}
Event: 299.940 GC heap before
{Heap before GC invocations=22 (full 4):
 PSYoungGen      total 299008K, used 283306K [0x00000000d5580000, 0x00000000ec000000, 0x0000000100000000)
  eden space 269824K, 100% used [0x00000000d5580000,0x00000000e5d00000,0x00000000e5d00000)
  from space 29184K, 46% used [0x00000000e5d00000,0x00000000e6a2aaf8,0x00000000e7980000)
  to   space 28160K, 0% used [0x00000000ea480000,0x00000000ea480000,0x00000000ec000000)
 ParOldGen       total 182272K, used 53969K [0x0000000080000000, 0x000000008b200000, 0x00000000d5580000)
  object space 182272K, 29% used [0x0000000080000000,0x00000000834b47f8,0x000000008b200000)
 Metaspace       used 96914K, capacity 101530K, committed 101912K, reserved 1136640K
  class space    used 12819K, capacity 13708K, committed 13864K, reserved 1048576K
Event: 299.955 GC heap after
Heap after GC invocations=22 (full 4):
 PSYoungGen      total 325632K, used 11524K [0x00000000d5580000, 0x00000000eb600000, 0x0000000100000000)
  eden space 307712K, 0% used [0x00000000d5580000,0x00000000d5580000,0x00000000e8200000)
  from space 17920K, 64% used [0x00000000ea480000,0x00000000eafc13e8,0x00000000eb600000)
  to   space 26624K, 0% used [0x00000000e8200000,0x00000000e8200000,0x00000000e9c00000)
 ParOldGen       total 182272K, used 53977K [0x0000000080000000, 0x000000008b200000, 0x00000000d5580000)
  object space 182272K, 29% used [0x0000000080000000,0x00000000834b67f8,0x000000008b200000)
 Metaspace       used 96914K, capacity 101530K, committed 101912K, reserved 1136640K
  class space    used 12819K, capacity 13708K, committed 13864K, reserved 1048576K
}
Event: 453.362 GC heap before
{Heap before GC invocations=23 (full 4):
 PSYoungGen      total 325632K, used 319236K [0x00000000d5580000, 0x00000000eb600000, 0x0000000100000000)
  eden space 307712K, 100% used [0x00000000d5580000,0x00000000e8200000,0x00000000e8200000)
  from space 17920K, 64% used [0x00000000ea480000,0x00000000eafc13e8,0x00000000eb600000)
  to   space 26624K, 0% used [0x00000000e8200000,0x00000000e8200000,0x00000000e9c00000)
 ParOldGen       total 182272K, used 53977K [0x0000000080000000, 0x000000008b200000, 0x00000000d5580000)
  object space 182272K, 29% used [0x0000000080000000,0x00000000834b67f8,0x000000008b200000)
 Metaspace       used 97888K, capacity 102770K, committed 102936K, reserved 1138688K
  class space    used 12855K, capacity 13774K, committed 13864K, reserved 1048576K
Event: 453.381 GC heap after
Heap after GC invocations=23 (full 4):
 PSYoungGen      total 334336K, used 11332K [0x00000000d5580000, 0x00000000ed580000, 0x0000000100000000)
  eden space 307712K, 0% used [0x00000000d5580000,0x00000000d5580000,0x00000000e8200000)
  from space 26624K, 42% used [0x00000000e8200000,0x00000000e8d11368,0x00000000e9c00000)
  to   space 25088K, 0% used [0x00000000ebd00000,0x00000000ebd00000,0x00000000ed580000)
 ParOldGen       total 182272K, used 53985K [0x0000000080000000, 0x000000008b200000, 0x00000000d5580000)
  object space 182272K, 29% used [0x0000000080000000,0x00000000834b87f8,0x000000008b200000)
 Metaspace       used 97888K, capacity 102770K, committed 102936K, reserved 1138688K
  class space    used 12855K, capacity 13774K, committed 13864K, reserved 1048576K
}
Event: 492.112 GC heap before
{Heap before GC invocations=24 (full 4):
 PSYoungGen      total 334336K, used 319044K [0x00000000d5580000, 0x00000000ed580000, 0x0000000100000000)
  eden space 307712K, 100% used [0x00000000d5580000,0x00000000e8200000,0x00000000e8200000)
  from space 26624K, 42% used [0x00000000e8200000,0x00000000e8d11368,0x00000000e9c00000)
  to   space 25088K, 0% used [0x00000000ebd00000,0x00000000ebd00000,0x00000000ed580000)
 ParOldGen       total 182272K, used 53985K [0x0000000080000000, 0x000000008b200000, 0x00000000d5580000)
  object space 182272K, 29% used [0x0000000080000000,0x00000000834b87f8,0x000000008b200000)
 Metaspace       used 98882K, capacity 104492K, committed 104728K, reserved 1140736K
  class space    used 12983K, capacity 14013K, committed 14120K, reserved 1048576K
Event: 492.122 GC heap after
Heap after GC invocations=24 (full 4):
 PSYoungGen      total 305152K, used 8144K [0x00000000d5580000, 0x00000000ec500000, 0x0000000100000000)
  eden space 296960K, 0% used [0x00000000d5580000,0x00000000d5580000,0x00000000e7780000)
  from space 8192K, 99% used [0x00000000ebd00000,0x00000000ec4f4060,0x00000000ec500000)
  to   space 24576K, 0% used [0x00000000e9500000,0x00000000e9500000,0x00000000ead00000)
 ParOldGen       total 182272K, used 53993K [0x0000000080000000, 0x000000008b200000, 0x00000000d5580000)
  object space 182272K, 29% used [0x0000000080000000,0x00000000834ba7f8,0x000000008b200000)
 Metaspace       used 98882K, capacity 104492K, committed 104728K, reserved 1140736K
  class space    used 12983K, capacity 14013K, committed 14120K, reserved 1048576K
}

