# JRE version: OpenJDK Runtime Environment (8.0_242-b01) (build 1.8.0_242-release-1644-b01)
# Java VM: OpenJDK 64-Bit Server VM (25.242-b01 mixed mode windows-amd64 compressed oops)
Heap:
 PSYoungGen      total 354304K, used 218658K [0x00000000d5580000, 0x00000000ecc00000, 0x0000000100000000)
  eden space 325120K, 67% used [0x00000000d5580000,0x00000000e2b08960,0x00000000e9300000)
  from space 29184K, 0% used [0x00000000e9300000,0x00000000e9300000,0x00000000eaf80000)
  to   space 20992K, 0% used [0x00000000eb780000,0x00000000eb780000,0x00000000ecc00000)
 ParOldGen       total 132608K, used 59327K [0x0000000080000000, 0x0000000088180000, 0x00000000d5580000)
  object space 132608K, 44% used [0x0000000080000000,0x00000000839efd08,0x0000000088180000)
 Metaspace       used 106181K, capacity 111628K, committed 111896K, reserved 1146880K
  class space    used 14037K, capacity 15064K, committed 15152K, reserved 1048576K
GC Heap History (10 events):
Event: 13.626 GC heap before
{Heap before GC invocations=15 (full 3):
 PSYoungGen      total 225792K, used 221756K [0x00000000d5580000, 0x00000000e8c80000, 0x0000000100000000)
  eden space 203264K, 100% used [0x00000000d5580000,0x00000000e1c00000,0x00000000e1c00000)
  from space 22528K, 82% used [0x00000000e1c00000,0x00000000e2e0f0d8,0x00000000e3200000)
  to   space 24576K, 0% used [0x00000000e7480000,0x00000000e7480000,0x00000000e8c80000)
 ParOldGen       total 132608K, used 30334K [0x0000000080000000, 0x0000000088180000, 0x00000000d5580000)
  object space 132608K, 22% used [0x0000000080000000,0x0000000081d9fa70,0x0000000088180000)
 Metaspace       used 78780K, capacity 82172K, committed 82456K, reserved 1120256K
  class space    used 10586K, capacity 11257K, committed 11312K, reserved 1048576K
Event: 13.668 GC heap after
Heap after GC invocations=15 (full 3):
 PSYoungGen      total 288768K, used 24545K [0x00000000d5580000, 0x00000000e9300000, 0x0000000100000000)
  eden space 264192K, 0% used [0x00000000d5580000,0x00000000d5580000,0x00000000e5780000)
  from space 24576K, 99% used [0x00000000e7480000,0x00000000e8c784c8,0x00000000e8c80000)
  to   space 29696K, 0% used [0x00000000e5780000,0x00000000e5780000,0x00000000e7480000)
 ParOldGen       total 132608K, used 35519K [0x0000000080000000, 0x0000000088180000, 0x00000000d5580000)
  object space 132608K, 26% used [0x0000000080000000,0x00000000822afda8,0x0000000088180000)
 Metaspace       used 78780K, capacity 82172K, committed 82456K, reserved 1120256K
  class space    used 10586K, capacity 11257K, committed 11312K, reserved 1048576K
}
Event: 1339.963 GC heap before
{Heap before GC invocations=16 (full 3):
 PSYoungGen      total 288768K, used 288737K [0x00000000d5580000, 0x00000000e9300000, 0x0000000100000000)
  eden space 264192K, 100% used [0x00000000d5580000,0x00000000e5780000,0x00000000e5780000)
  from space 24576K, 99% used [0x00000000e7480000,0x00000000e8c784c8,0x00000000e8c80000)
  to   space 29696K, 0% used [0x00000000e5780000,0x00000000e5780000,0x00000000e7480000)
 ParOldGen       total 132608K, used 35519K [0x0000000080000000, 0x0000000088180000, 0x00000000d5580000)
  object space 132608K, 26% used [0x0000000080000000,0x00000000822afda8,0x0000000088180000)
 Metaspace       used 86084K, capacity 90468K, committed 90776K, reserved 1128448K
  class space    used 11271K, capacity 12100K, committed 12208K, reserved 1048576K
Event: 1339.993 GC heap after
Heap after GC invocations=16 (full 3):
 PSYoungGen      total 293888K, used 13806K [0x00000000d5580000, 0x00000000ed380000, 0x0000000100000000)
  eden space 264192K, 0% used [0x00000000d5580000,0x00000000d5580000,0x00000000e5780000)
  from space 29696K, 46% used [0x00000000e5780000,0x00000000e64fb910,0x00000000e7480000)
  to   space 28672K, 0% used [0x00000000eb780000,0x00000000eb780000,0x00000000ed380000)
 ParOldGen       total 132608K, used 55877K [0x0000000080000000, 0x0000000088180000, 0x00000000d5580000)
  object space 132608K, 42% used [0x0000000080000000,0x00000000836914a0,0x0000000088180000)
 Metaspace       used 86084K, capacity 90468K, committed 90776K, reserved 1128448K
  class space    used 11271K, capacity 12100K, committed 12208K, reserved 1048576K
}
Event: 1344.219 GC heap before
{Heap before GC invocations=17 (full 3):
 PSYoungGen      total 293888K, used 277998K [0x00000000d5580000, 0x00000000ed380000, 0x0000000100000000)
  eden space 264192K, 100% used [0x00000000d5580000,0x00000000e5780000,0x00000000e5780000)
  from space 29696K, 46% used [0x00000000e5780000,0x00000000e64fb910,0x00000000e7480000)
  to   space 28672K, 0% used [0x00000000eb780000,0x00000000eb780000,0x00000000ed380000)
 ParOldGen       total 132608K, used 55877K [0x0000000080000000, 0x0000000088180000, 0x00000000d5580000)
  object space 132608K, 42% used [0x0000000080000000,0x00000000836914a0,0x0000000088180000)
 Metaspace       used 90899K, capacity 95472K, committed 95640K, reserved 1132544K
  class space    used 11813K, capacity 12692K, committed 12720K, reserved 1048576K
Event: 1344.232 GC heap after
Heap after GC invocations=17 (full 3):
 PSYoungGen      total 346112K, used 19341K [0x00000000d5580000, 0x00000000ecc00000, 0x0000000100000000)
  eden space 325120K, 0% used [0x00000000d5580000,0x00000000d5580000,0x00000000e9300000)
  from space 20992K, 92% used [0x00000000eb780000,0x00000000eca63610,0x00000000ecc00000)
  to   space 29184K, 0% used [0x00000000e9300000,0x00000000e9300000,0x00000000eaf80000)
 ParOldGen       total 132608K, used 55885K [0x0000000080000000, 0x0000000088180000, 0x00000000d5580000)
  object space 132608K, 42% used [0x0000000080000000,0x00000000836934a0,0x0000000088180000)
 Metaspace       used 90899K, capacity 95472K, committed 95640K, reserved 1132544K
  class space    used 11813K, capacity 12692K, committed 12720K, reserved 1048576K
}
Event: 1351.248 GC heap before
{Heap before GC invocations=18 (full 3):
 PSYoungGen      total 346112K, used 282271K [0x00000000d5580000, 0x00000000ecc00000, 0x0000000100000000)
  eden space 325120K, 80% used [0x00000000d5580000,0x00000000e56446e0,0x00000000e9300000)
  from space 20992K, 92% used [0x00000000eb780000,0x00000000eca63610,0x00000000ecc00000)
  to   space 29184K, 0% used [0x00000000e9300000,0x00000000e9300000,0x00000000eaf80000)
 ParOldGen       total 132608K, used 55885K [0x0000000080000000, 0x0000000088180000, 0x00000000d5580000)
  object space 132608K, 42% used [0x0000000080000000,0x00000000836934a0,0x0000000088180000)
 Metaspace       used 93745K, capacity 98488K, committed 98600K, reserved 1134592K
  class space    used 12249K, capacity 13166K, committed 13232K, reserved 1048576K
Event: 1351.262 GC heap after
Heap after GC invocations=18 (full 3):
 PSYoungGen      total 354304K, used 17262K [0x00000000d5580000, 0x00000000ecc00000, 0x0000000100000000)
  eden space 325120K, 0% used [0x00000000d5580000,0x00000000d5580000,0x00000000e9300000)
  from space 29184K, 59% used [0x00000000e9300000,0x00000000ea3db960,0x00000000eaf80000)
  to   space 20992K, 0% used [0x00000000eb780000,0x00000000eb780000,0x00000000ecc00000)
 ParOldGen       total 132608K, used 55893K [0x0000000080000000, 0x0000000088180000, 0x00000000d5580000)
  object space 132608K, 42% used [0x0000000080000000,0x00000000836954a0,0x0000000088180000)
 Metaspace       used 93745K, capacity 98488K, committed 98600K, reserved 1134592K
  class space    used 12249K, capacity 13166K, committed 13232K, reserved 1048576K
}
Event: 1351.262 GC heap before
{Heap before GC invocations=19 (full 4):
 PSYoungGen      total 354304K, used 17262K [0x00000000d5580000, 0x00000000ecc00000, 0x0000000100000000)
  eden space 325120K, 0% used [0x00000000d5580000,0x00000000d5580000,0x00000000e9300000)
  from space 29184K, 59% used [0x00000000e9300000,0x00000000ea3db960,0x00000000eaf80000)
  to   space 20992K, 0% used [0x00000000eb780000,0x00000000eb780000,0x00000000ecc00000)
 ParOldGen       total 132608K, used 55893K [0x0000000080000000, 0x0000000088180000, 0x00000000d5580000)
  object space 132608K, 42% used [0x0000000080000000,0x00000000836954a0,0x0000000088180000)
 Metaspace       used 93745K, capacity 98488K, committed 98600K, reserved 1134592K
  class space    used 12249K, capacity 13166K, committed 13232K, reserved 1048576K
Event: 1351.418 GC heap after
Heap after GC invocations=19 (full 4):
 PSYoungGen      total 354304K, used 0K [0x00000000d5580000, 0x00000000ecc00000, 0x0000000100000000)
  eden space 325120K, 0% used [0x00000000d5580000,0x00000000d5580000,0x00000000e9300000)
  from space 29184K, 0% used [0x00000000e9300000,0x00000000e9300000,0x00000000eaf80000)
  to   space 20992K, 0% used [0x00000000eb780000,0x00000000eb780000,0x00000000ecc00000)
 ParOldGen       total 132608K, used 59327K [0x0000000080000000, 0x0000000088180000, 0x00000000d5580000)
  object space 132608K, 44% used [0x0000000080000000,0x00000000839efd08,0x0000000088180000)
 Metaspace       used 93626K, capacity 98150K, committed 98600K, reserved 1134592K
  class space    used 12210K, capacity 13097K, committed 13232K, reserved 1048576K
}

